[2021-01-26 15:00:31.740704] 『max』 called !reload
[2021-01-26 15:00:41.138564] 『max』 called !waterboard
[2021-01-26 15:00:42.816025] 『max』 called !t
[2021-01-26 15:00:43.393572] 『max』 called !save
[2021-01-26 15:00:51.410838] 『max』 called !serverup
[2021-01-26 15:01:07.906925] 『max』 called !reload
[2021-01-26 15:01:12.401392] 『max』 called !save in The Bots of the Round Table
[2021-01-26 15:01:21.123966] 『max』 called !help in The Bots of the Round Table
[2021-01-26 15:04:35.647985] 『max』 called !reload in The Bots of the Round Table
[2021-01-26 15:04:39.476714] 『max』 called !help in The Bots of the Round Table
[2021-01-26 15:04:40.446588] 『max』 called !save in The Bots of the Round Table
[2021-01-26 15:05:34.390306] 『max』 called !setintro https://www.youtube.com/watch?v=hD1bjvwL8Rk in The Bots of the Round Table
[2021-01-26 15:05:45.966194] 『max』 called !toggleintro in The Bots of the Round Table
[2021-01-26 15:05:46.861546] 『max』 called !save in The Bots of the Round Table
[2021-01-27 23:54:29.466018] annabanana called !image gabriella mendez in Safe Haven
[2021-01-27 23:54:41.452461] annabanana called !image grace murphy in Safe Haven
[2021-01-27 23:55:06.444313] annabanana called !image gabby mendez in Safe Haven
[2021-01-27 23:55:27.990551] annabanana called !image adam sandler in Safe Haven
[2021-01-27 23:55:42.922634] annabanana called !image adam sandler young in Safe Haven
[2021-01-27 23:56:45.857580] annabanana called !image robin williams in Safe Haven
[2021-01-28 00:08:57.316635] asdfg called !image meatballs in The North Pole
[2021-01-28 00:09:03.408692] asdfg called !image meeetballs in The North Pole
[2021-01-28 00:09:07.486953] asdfg called !image in The North Pole
[2021-01-28 00:09:11.416659] asdfg called !image meet in The North Pole
[2021-01-28 00:09:15.369821] asdfg called !image balls in The North Pole
[2021-01-28 00:09:34.707713] asdfg called !image 10^10 in The North Pole
[2021-01-28 00:09:48.953393] asdfg called !image sharted in The North Pole
[2021-01-28 00:10:10.858094] asdfg called !image jojo in The North Pole
[2021-01-28 00:10:19.932336] asdfg called !image i hate league of legends in The North Pole
